==================================================
   🚀 MACRO AI AUTO-PILOT STARTED
==================================================
[2025-12-04 13:34:23] [INFO] Step 0/7: Generating Asset Universe (Map Hygiene)...
🕵️  Deep Scanning & Repairing Tickers...

✅ Universe Repaired!
   Saved 649 unique assets.
   Check Gold: ['GC=F']
[2025-12-04 13:34:24] [INFO] Step 1/7: Running Nightly Ingestion (Data Lake)...
--- 🟢 NIGHTLY INGEST AGENT STARTED: 2025-12-04 13:34:24.523261 ---
🦅 Starting Macro/Fed Ingestion (Deep History)...
🚀 Starting Deep Ingestion (MAX History) for 649 Assets...
   ...Processing batch 0 to 20...
   ...Processing batch 20 to 40...
   ...Processing batch 40 to 60...
   ...Processing batch 60 to 80...
   ...Processing batch 80 to 100...
   ...Processing batch 100 to 120...
   ...Processing batch 120 to 140...
   ...Processing batch 140 to 160...
   ...Processing batch 160 to 180...
   ...Processing batch 180 to 200...
   ...Processing batch 200 to 220...
   ...Processing batch 220 to 240...
   ...Processing batch 240 to 260...
   ...Processing batch 260 to 280...
   ...Processing batch 280 to 300...
   ...Processing batch 300 to 320...
   ...Processing batch 320 to 340...
   ...Processing batch 340 to 360...
   ...Processing batch 360 to 380...
   ...Processing batch 380 to 400...
   ...Processing batch 400 to 420...
   ...Processing batch 420 to 440...
   ...Processing batch 440 to 460...
   ...Processing batch 460 to 480...
   ...Processing batch 480 to 500...
   ...Processing batch 500 to 520...
   ...Processing batch 520 to 540...
   ...Processing batch 540 to 560...
   ...Processing batch 560 to 580...
   ...Processing batch 580 to 600...
   ...Processing batch 600 to 620...
   ...Processing batch 620 to 640...
   ...Processing batch 640 to 649...

========================================
📊 INGESTION AUDIT [13:40:28]
========================================
   Total Requested:    649
   - Failed Downloads: 0
   ---------------------------
   = NET VALID ASSETS: 649  (Yield: 100.0%)
========================================

--- 🏁 INGESTION COMPLETE: 2025-12-04 13:40:28.095663 ---
[2025-12-04 13:40:28] [INFO] Step 2/7: Feature Engineering (Math Engine)...
🚀 AGENT: Feature Engineer [Robust Mode] - 2025-12-04 13:40:28.755253
   [1/2] Processing Macro Data...
     ✅ Macro Features Saved: /Users/dakshnarang/Desktop/MacroAI_ResearchEngine/scripts/../data/features_macro.csv
   [2/2] Scanning Institutional Universe...
        Searching in: /Users/dakshnarang/Desktop/MacroAI_ResearchEngine/scripts/../data/raw
     Found 654 asset files.
     ✅ Market Scan Saved: /Users/dakshnarang/Desktop/MacroAI_ResearchEngine/scripts/../data/market_scan.csv
     📊 Assets Processed: 654/654
     🔥 Breadth: 309 Bulls vs 345 Bears
[2025-12-04 13:40:53] [INFO] Step 3/7: Running Signal Engine (Rule-Based)...

=================================================================
MACRO QUANTITATIVE REPORT | 2025-12-04
=================================================================
MACRO ENVIRONMENT:
Liquidity:   CONTRACTING
Real Rates:  RESTRICTIVE
Yield Curve: RESTRICTIVE
-----------------------------------------------------------------
STRATEGY:    DEFENSIVE (Inflation/Value)
RATIONALE:   Tightening financial conditions favor hard assets.

TOP PICKS (Energy, Metals, Agriculture, Utilities)
-----------------------------------------------------------------
TICKER     SECTOR                    PRICE      1M CHG     RSI  
-----------------------------------------------------------------
APA        Energy                    $26.71     23.3%      64   
SI=F       Metals_Precious           $57.42     21.9%      78   
DVN        Energy                    $37.71     16.6%      69   
FANG       Energy                    $159.51    16.2%      76   
EXE        Energy                    $122.09    10.9%      59   
-----------------------------------------------------------------

MOMENTUM BREAKOUTS (High Relative Strength)
-----------------------------------------------------------------
TICKER     SECTOR                    PRICE      1M CHG     RSI  
-----------------------------------------------------------------
SI         Commodities               $15.25     35.1%      54   
ALB        Materials                 $119.14    29.6%      55   
KAS-USD    Crypto_Top100             $0.06      25.1%      71   
APA        Energy                    $26.71     23.3%      64   
SI=F       Metals_Precious           $57.42     21.9%      78   
-----------------------------------------------------------------


[2025-12-04 13:40:55] [INFO] Step 4/7: Scrape News Sentiment...
🚀 AGENT: News Scraper Initiated [20251204]...
   Reading feed: Reuters_World...
   Reading feed: Reuters_Biz...
   Reading feed: CNBC_Top...
   Reading feed: Investing_Forex...

📊 GLOBAL SENTIMENT: -0.0866 (FEAR / NEGATIVE)
   Top Risk Stories:
   - Jan. 6 pipe bomb suspect Brian Cole arrested, faces explosives charges, Trump DOJ says (-0.8625)
   - India rupee falls to record low below 90, risks steeper slide without central bank help (-0.666)
   - Bank of America sees AUD/USD falling to 0.63 in Q1 2026 on China weakness (-0.5267)
✅ News Summary Saved: /Users/dakshnarang/Desktop/MacroAI_ResearchEngine/data/cleaned/daily_news_summary.txt
[2025-12-04 13:40:55] [INFO] Step 5/7: Training AI Models...
AGENT: Model Trainer Initiated [20251204]

Training AI Model for SPY...
⚠️ Path not found: Indices_Major/SPY_latest.csv. Searching...
❌ Asset file definitely missing: SPY_latest.csv

Training AI Model for BTC...
⚠️ Path not found: Crypto_Top100/BTCUSD_latest.csv. Searching...
❌ Asset file definitely missing: BTCUSD_latest.csv
[2025-12-04 13:40:57] [INFO] Step 6/7: Generating PDF Report...
🚀 AGENT: Report Generator Initiated [20251204]
✅ Report Generated: /Users/dakshnarang/Desktop/MacroAI_ResearchEngine/outputs/Institutional_Scan_20251204.pdf
[2025-12-04 13:40:57] [INFO] Step 7/7: Sending Telegram Alerts...
🚀 AGENT: Telegram Alert Initiated...
📄 Found report: Institutional_Scan_20251204.pdf
   Sending to phone...
✅ Message sent successfully! Check your Telegram.
[2025-12-04 13:40:58] [DONE] Pipeline Finished Successfully.
